<?xml version="1.0" encoding="UTF-8"?>
<testsuite xmlns:xsi="http://www.w3.org/2001/XMLSchema-instance" xsi:noNamespaceSchemaLocation="https://maven.apache.org/surefire/maven-surefire-plugin/xsd/surefire-test-report-3.0.xsd" version="3.0" name="TestSuite" time="0.903" tests="36" errors="0" skipped="33" failures="3">
  <properties>
[...]
</properties>
  <testcase name="setUp" classname="forgotpassword.ForgotPasswordTests" time="0.442">
    <failure message="&#10;Parameter &apos;URL&apos; is required by BeforeMethod on method setUp but has not been marked @Optional or defined&#10;" type="org.testng.TestNGException"><![CDATA[org.testng.TestNGException: 

Parameter 'URL' is required by BeforeMethod on method setUp but has not been marked @Optional or defined

	at org.testng.internal.Parameters.createParams(Parameters.java:290)
	at org.testng.internal.Parameters.createParametersForMethod(Parameters.java:359)
	at org.testng.internal.Parameters.createParameters(Parameters.java:620)
	at org.testng.internal.Parameters.createConfigurationParameters(Parameters.java:190)
	at org.testng.internal.Invoker.invokeConfigurations(Invoker.java:209)
	at org.testng.internal.Invoker.invokeMethod(Invoker.java:523)
	at org.testng.internal.Invoker.invokeTestMethod(Invoker.java:719)
	at org.testng.internal.Invoker.invokeTestMethods(Invoker.java:989)
	at org.testng.internal.TestMethodWorker.invokeTestMethods(TestMethodWorker.java:125)
	at org.testng.internal.TestMethodWorker.run(TestMethodWorker.java:109)
	at org.testng.TestRunner.privateRun(TestRunner.java:648)
	at org.testng.TestRunner.run(TestRunner.java:505)
	at org.testng.SuiteRunner.runTest(SuiteRunner.java:455)
	at org.testng.SuiteRunner.runSequentially(SuiteRunner.java:450)
	at org.testng.SuiteRunner.privateRun(SuiteRunner.java:415)
	at org.testng.SuiteRunner.run(SuiteRunner.java:364)
	at org.testng.SuiteRunnerWorker.runSuite(SuiteRunnerWorker.java:52)
	at org.testng.SuiteRunnerWorker.run(SuiteRunnerWorker.java:84)
	at org.testng.TestNG.runSuitesSequentially(TestNG.java:1208)
	at org.testng.TestNG.runSuitesLocally(TestNG.java:1137)
	at org.testng.TestNG.runSuites(TestNG.java:1049)
	at org.testng.TestNG.run(TestNG.java:1017)
	at org.apache.maven.surefire.testng.TestNGExecutor.run(TestNGExecutor.java:155)
	at org.apache.maven.surefire.testng.TestNGDirectoryTestSuite.executeMulti(TestNGDirectoryTestSuite.java:169)
	at org.apache.maven.surefire.testng.TestNGDirectoryTestSuite.execute(TestNGDirectoryTestSuite.java:88)
	at org.apache.maven.surefire.testng.TestNGProvider.invoke(TestNGProvider.java:137)
	at org.apache.maven.surefire.booter.ForkedBooter.runSuitesInProcess(ForkedBooter.java:385)
	at org.apache.maven.surefire.booter.ForkedBooter.execute(ForkedBooter.java:162)
	at org.apache.maven.surefire.booter.ForkedBooter.run(ForkedBooter.java:507)
	at org.apache.maven.surefire.booter.ForkedBooter.main(ForkedBooter.java:495)
]]></failure>
  </testcase>
  <testcase name="setUp" classname="forgotpassword.ForgotPasswordTests" time="0.0">
    <skipped/>
  </testcase>
  <testcase name="setUp" classname="forgotpassword.ForgotPasswordTests" time="0.0">
    <skipped/>
  </testcase>
  <testcase name="setUp" classname="forgotpassword.ForgotPasswordTests" time="0.0">
    <skipped/>
  </testcase>
  <testcase name="setUp" classname="forgotpassword.ForgotPasswordTests" time="0.0">
    <skipped/>
  </testcase>
  <testcase name="testCancelForgotPassword" classname="forgotpassword.ForgotPasswordTests" time="0.0">
    <skipped message="&#10;Parameter &apos;URL&apos; is required by BeforeMethod on method setUp but has not been marked @Optional or defined&#10;"/>
  </testcase>
  <testcase name="tearDown" classname="forgotpassword.ForgotPasswordTests" time="0.0">
    <skipped/>
  </testcase>
  <testcase name="tearDown" classname="forgotpassword.ForgotPasswordTests" time="0.0">
    <skipped/>
  </testcase>
  <testcase name="tearDown" classname="forgotpassword.ForgotPasswordTests" time="0.0">
    <skipped/>
  </testcase>
  <testcase name="tearDown" classname="forgotpassword.ForgotPasswordTests" time="0.0">
    <skipped/>
  </testcase>
  <testcase name="tearDown" classname="forgotpassword.ForgotPasswordTests" time="0.0">
    <skipped/>
  </testcase>
  <testcase name="testForgotPasswordWithCorrectUsername" classname="forgotpassword.ForgotPasswordTests" time="0.0">
    <skipped message="&#10;Parameter &apos;URL&apos; is required by BeforeMethod on method setUp but has not been marked @Optional or defined&#10;"/>
  </testcase>
  <testcase name="testForgotPasswordWithCorrectUsernameMultipleTry" classname="forgotpassword.ForgotPasswordTests" time="0.0">
    <skipped message="&#10;Parameter &apos;URL&apos; is required by BeforeMethod on method setUp but has not been marked @Optional or defined&#10;"/>
  </testcase>
  <testcase name="testForgotPasswordWithEmptyUsername" classname="forgotpassword.ForgotPasswordTests" time="0.0">
    <skipped message="&#10;Parameter &apos;URL&apos; is required by BeforeMethod on method setUp but has not been marked @Optional or defined&#10;"/>
  </testcase>
  <testcase name="testForgotPasswordWithWrongUsername" classname="forgotpassword.ForgotPasswordTests" time="0.0">
    <skipped message="&#10;Parameter &apos;URL&apos; is required by BeforeMethod on method setUp but has not been marked @Optional or defined&#10;"/>
  </testcase>
  <testcase name="setUp" classname="load.LoadPageTest" time="0.471">
    <failure message="&#10;Parameter &apos;URL&apos; is required by BeforeMethod on method setUp but has not been marked @Optional or defined&#10;" type="org.testng.TestNGException"><![CDATA[org.testng.TestNGException: 

Parameter 'URL' is required by BeforeMethod on method setUp but has not been marked @Optional or defined

	at org.testng.internal.Parameters.createParams(Parameters.java:290)
	at org.testng.internal.Parameters.createParametersForMethod(Parameters.java:359)
	at org.testng.internal.Parameters.createParameters(Parameters.java:620)
	at org.testng.internal.Parameters.createConfigurationParameters(Parameters.java:190)
	at org.testng.internal.Invoker.invokeConfigurations(Invoker.java:209)
	at org.testng.internal.Invoker.invokeMethod(Invoker.java:523)
	at org.testng.internal.Invoker.invokeTestMethod(Invoker.java:719)
	at org.testng.internal.Invoker.invokeTestMethods(Invoker.java:989)
	at org.testng.internal.TestMethodWorker.invokeTestMethods(TestMethodWorker.java:125)
	at org.testng.internal.TestMethodWorker.run(TestMethodWorker.java:109)
	at org.testng.TestRunner.privateRun(TestRunner.java:648)
	at org.testng.TestRunner.run(TestRunner.java:505)
	at org.testng.SuiteRunner.runTest(SuiteRunner.java:455)
	at org.testng.SuiteRunner.runSequentially(SuiteRunner.java:450)
	at org.testng.SuiteRunner.privateRun(SuiteRunner.java:415)
	at org.testng.SuiteRunner.run(SuiteRunner.java:364)
	at org.testng.SuiteRunnerWorker.runSuite(SuiteRunnerWorker.java:52)
	at org.testng.SuiteRunnerWorker.run(SuiteRunnerWorker.java:84)
	at org.testng.TestNG.runSuitesSequentially(TestNG.java:1208)
	at org.testng.TestNG.runSuitesLocally(TestNG.java:1137)
	at org.testng.TestNG.runSuites(TestNG.java:1049)
	at org.testng.TestNG.run(TestNG.java:1017)
	at org.apache.maven.surefire.testng.TestNGExecutor.run(TestNGExecutor.java:155)
	at org.apache.maven.surefire.testng.TestNGDirectoryTestSuite.executeMulti(TestNGDirectoryTestSuite.java:169)
	at org.apache.maven.surefire.testng.TestNGDirectoryTestSuite.execute(TestNGDirectoryTestSuite.java:88)
	at org.apache.maven.surefire.testng.TestNGProvider.invoke(TestNGProvider.java:137)
	at org.apache.maven.surefire.booter.ForkedBooter.runSuitesInProcess(ForkedBooter.java:385)
	at org.apache.maven.surefire.booter.ForkedBooter.execute(ForkedBooter.java:162)
	at org.apache.maven.surefire.booter.ForkedBooter.run(ForkedBooter.java:507)
	at org.apache.maven.surefire.booter.ForkedBooter.main(ForkedBooter.java:495)
]]></failure>
  </testcase>
  <testcase name="testLoadHomepage" classname="load.LoadPageTest" time="0.0">
    <skipped message="&#10;Parameter &apos;URL&apos; is required by BeforeMethod on method setUp but has not been marked @Optional or defined&#10;"/>
  </testcase>
  <testcase name="tearDown" classname="load.LoadPageTest" time="0.0">
    <skipped/>
  </testcase>
  <testcase name="setUp" classname="login.LoginTests" time="0.475">
    <failure message="&#10;Parameter &apos;URL&apos; is required by BeforeMethod on method setUp but has not been marked @Optional or defined&#10;" type="org.testng.TestNGException"><![CDATA[org.testng.TestNGException: 

Parameter 'URL' is required by BeforeMethod on method setUp but has not been marked @Optional or defined

	at org.testng.internal.Parameters.createParams(Parameters.java:290)
	at org.testng.internal.Parameters.createParametersForMethod(Parameters.java:359)
	at org.testng.internal.Parameters.createParameters(Parameters.java:620)
	at org.testng.internal.Parameters.createConfigurationParameters(Parameters.java:190)
	at org.testng.internal.Invoker.invokeConfigurations(Invoker.java:209)
	at org.testng.internal.Invoker.invokeMethod(Invoker.java:523)
	at org.testng.internal.Invoker.invokeTestMethod(Invoker.java:719)
	at org.testng.internal.Invoker.invokeTestMethods(Invoker.java:989)
	at org.testng.internal.TestMethodWorker.invokeTestMethods(TestMethodWorker.java:125)
	at org.testng.internal.TestMethodWorker.run(TestMethodWorker.java:109)
	at org.testng.TestRunner.privateRun(TestRunner.java:648)
	at org.testng.TestRunner.run(TestRunner.java:505)
	at org.testng.SuiteRunner.runTest(SuiteRunner.java:455)
	at org.testng.SuiteRunner.runSequentially(SuiteRunner.java:450)
	at org.testng.SuiteRunner.privateRun(SuiteRunner.java:415)
	at org.testng.SuiteRunner.run(SuiteRunner.java:364)
	at org.testng.SuiteRunnerWorker.runSuite(SuiteRunnerWorker.java:52)
	at org.testng.SuiteRunnerWorker.run(SuiteRunnerWorker.java:84)
	at org.testng.TestNG.runSuitesSequentially(TestNG.java:1208)
	at org.testng.TestNG.runSuitesLocally(TestNG.java:1137)
	at org.testng.TestNG.runSuites(TestNG.java:1049)
	at org.testng.TestNG.run(TestNG.java:1017)
	at org.apache.maven.surefire.testng.TestNGExecutor.run(TestNGExecutor.java:155)
	at org.apache.maven.surefire.testng.TestNGDirectoryTestSuite.executeMulti(TestNGDirectoryTestSuite.java:169)
	at org.apache.maven.surefire.testng.TestNGDirectoryTestSuite.execute(TestNGDirectoryTestSuite.java:88)
	at org.apache.maven.surefire.testng.TestNGProvider.invoke(TestNGProvider.java:137)
	at org.apache.maven.surefire.booter.ForkedBooter.runSuitesInProcess(ForkedBooter.java:385)
	at org.apache.maven.surefire.booter.ForkedBooter.execute(ForkedBooter.java:162)
	at org.apache.maven.surefire.booter.ForkedBooter.run(ForkedBooter.java:507)
	at org.apache.maven.surefire.booter.ForkedBooter.main(ForkedBooter.java:495)
]]></failure>
  </testcase>
  <testcase name="setUp" classname="login.LoginTests" time="0.0">
    <skipped/>
  </testcase>
  <testcase name="setUp" classname="login.LoginTests" time="0.0">
    <skipped/>
  </testcase>
  <testcase name="setUp" classname="login.LoginTests" time="0.0">
    <skipped/>
  </testcase>
  <testcase name="setUp" classname="login.LoginTests" time="0.0">
    <skipped/>
  </testcase>
  <testcase name="setUp" classname="login.LoginTests" time="0.0">
    <skipped/>
  </testcase>
  <testcase name="testLoginInsertCorrectUsernameAndPassword" classname="login.LoginTests" time="0.0">
    <skipped message="&#10;Parameter &apos;URL&apos; is required by BeforeMethod on method setUp but has not been marked @Optional or defined&#10;"/>
  </testcase>
  <testcase name="tearDown" classname="login.LoginTests" time="0.0">
    <skipped/>
  </testcase>
  <testcase name="tearDown" classname="login.LoginTests" time="0.0">
    <skipped/>
  </testcase>
  <testcase name="tearDown" classname="login.LoginTests" time="0.0">
    <skipped/>
  </testcase>
  <testcase name="tearDown" classname="login.LoginTests" time="0.0">
    <skipped/>
  </testcase>
  <testcase name="tearDown" classname="login.LoginTests" time="0.0">
    <skipped/>
  </testcase>
  <testcase name="tearDown" classname="login.LoginTests" time="0.0">
    <skipped/>
  </testcase>
  <testcase name="testLoginInsertCorrectUsernameAndWrongPassword" classname="login.LoginTests" time="0.0">
    <skipped message="&#10;Parameter &apos;URL&apos; is required by BeforeMethod on method setUp but has not been marked @Optional or defined&#10;"/>
  </testcase>
  <testcase name="testLoginInsertPasswordOnly" classname="login.LoginTests" time="0.0">
    <skipped message="&#10;Parameter &apos;URL&apos; is required by BeforeMethod on method setUp but has not been marked @Optional or defined&#10;"/>
  </testcase>
  <testcase name="testLoginInsertUsernameOnly" classname="login.LoginTests" time="0.0">
    <skipped message="&#10;Parameter &apos;URL&apos; is required by BeforeMethod on method setUp but has not been marked @Optional or defined&#10;"/>
  </testcase>
  <testcase name="testLoginInsertWrongUsernameAndWrongPassword" classname="login.LoginTests" time="0.0">
    <skipped message="&#10;Parameter &apos;URL&apos; is required by BeforeMethod on method setUp but has not been marked @Optional or defined&#10;"/>
  </testcase>
  <testcase name="testLoginWithoutInsertUsernameAndPassword" classname="login.LoginTests" time="0.0">
    <skipped message="&#10;Parameter &apos;URL&apos; is required by BeforeMethod on method setUp but has not been marked @Optional or defined&#10;"/>
  </testcase>
</testsuite>