<?xml version="1.0" encoding="UTF-8"?>
<!-- Generated by org.testng.reporters.JUnitXMLReporter -->
<testsuite ignored="0" hostname="DESKTOP-0UM0SUI" failures="0" tests="12" name="Surefire test" time="0.129" errors="0" timestamp="31 Dec 2025 07:20:24 GMT">
  <testcase classname="base.BaseTest" name="@BeforeMethod setUp" time="0.0">
    <failure type="org.testng.TestNGException" message="
Parameter &amp;apos;URL&amp;apos; is required by BeforeMethod on method setUp but has not been marked @Optional or defined
">
      <![CDATA[org.testng.TestNGException: 
Parameter 'URL' is required by BeforeMethod on method setUp but has not been marked @Optional or defined

... Removed 30 stack frames]]>
    </failure>
  </testcase> <!-- @BeforeMethod setUp -->
  <testcase classname="base.BaseTest" name="@AfterMethod tearDown" time="0.0">
    <skipped/>
  </testcase> <!-- @AfterMethod tearDown -->
  <testcase classname="base.BaseTest" name="@BeforeMethod setUp" time="0.0">
    <skipped/>
  </testcase> <!-- @BeforeMethod setUp -->
  <testcase classname="base.BaseTest" name="@AfterMethod tearDown" time="0.0">
    <skipped/>
  </testcase> <!-- @AfterMethod tearDown -->
  <testcase classname="base.BaseTest" name="@BeforeMethod setUp" time="0.0">
    <skipped/>
  </testcase> <!-- @BeforeMethod setUp -->
  <testcase classname="base.BaseTest" name="@AfterMethod tearDown" time="0.0">
    <skipped/>
  </testcase> <!-- @AfterMethod tearDown -->
  <testcase classname="base.BaseTest" name="@BeforeMethod setUp" time="0.0">
    <skipped/>
  </testcase> <!-- @BeforeMethod setUp -->
  <testcase classname="base.BaseTest" name="@AfterMethod tearDown" time="0.0">
    <skipped/>
  </testcase> <!-- @AfterMethod tearDown -->
  <testcase classname="base.BaseTest" name="@BeforeMethod setUp" time="0.0">
    <skipped/>
  </testcase> <!-- @BeforeMethod setUp -->
  <testcase classname="base.BaseTest" name="@AfterMethod tearDown" time="0.0">
    <skipped/>
  </testcase> <!-- @AfterMethod tearDown -->
  <testcase classname="base.BaseTest" name="@BeforeMethod setUp" time="0.0">
    <failure type="org.testng.TestNGException" message="
Parameter &amp;apos;URL&amp;apos; is required by BeforeMethod on method setUp but has not been marked @Optional or defined
">
      <![CDATA[org.testng.TestNGException: 
Parameter 'URL' is required by BeforeMethod on method setUp but has not been marked @Optional or defined

... Removed 30 stack frames]]>
    </failure>
  </testcase> <!-- @BeforeMethod setUp -->
  <testcase classname="base.BaseTest" name="@AfterMethod tearDown" time="0.0">
    <skipped/>
  </testcase> <!-- @AfterMethod tearDown -->
  <testcase classname="base.BaseTest" name="@BeforeMethod setUp" time="0.0">
    <failure type="org.testng.TestNGException" message="
Parameter &amp;apos;URL&amp;apos; is required by BeforeMethod on method setUp but has not been marked @Optional or defined
">
      <![CDATA[org.testng.TestNGException: 
Parameter 'URL' is required by BeforeMethod on method setUp but has not been marked @Optional or defined

... Removed 30 stack frames]]>
    </failure>
  </testcase> <!-- @BeforeMethod setUp -->
  <testcase classname="base.BaseTest" name="@AfterMethod tearDown" time="0.0">
    <skipped/>
  </testcase> <!-- @AfterMethod tearDown -->
  <testcase classname="base.BaseTest" name="@BeforeMethod setUp" time="0.0">
    <skipped/>
  </testcase> <!-- @BeforeMethod setUp -->
  <testcase classname="base.BaseTest" name="@AfterMethod tearDown" time="0.0">
    <skipped/>
  </testcase> <!-- @AfterMethod tearDown -->
  <testcase classname="base.BaseTest" name="@BeforeMethod setUp" time="0.0">
    <skipped/>
  </testcase> <!-- @BeforeMethod setUp -->
  <testcase classname="base.BaseTest" name="@AfterMethod tearDown" time="0.0">
    <skipped/>
  </testcase> <!-- @AfterMethod tearDown -->
  <testcase classname="base.BaseTest" name="@BeforeMethod setUp" time="0.0">
    <skipped/>
  </testcase> <!-- @BeforeMethod setUp -->
  <testcase classname="base.BaseTest" name="@AfterMethod tearDown" time="0.0">
    <skipped/>
  </testcase> <!-- @AfterMethod tearDown -->
  <testcase classname="base.BaseTest" name="@BeforeMethod setUp" time="0.0">
    <skipped/>
  </testcase> <!-- @BeforeMethod setUp -->
  <testcase classname="base.BaseTest" name="@AfterMethod tearDown" time="0.0">
    <skipped/>
  </testcase> <!-- @AfterMethod tearDown -->
  <testcase classname="base.BaseTest" name="@BeforeMethod setUp" time="0.0">
    <skipped/>
  </testcase> <!-- @BeforeMethod setUp -->
  <testcase classname="base.BaseTest" name="@AfterMethod tearDown" time="0.0">
    <skipped/>
  </testcase> <!-- @AfterMethod tearDown -->
  <testcase classname="forgotpassword.ForgotPasswordTests" name="testCancelForgotPassword" time="0.0">
    <skipped/>
  </testcase> <!-- testCancelForgotPassword -->
  <testcase classname="forgotpassword.ForgotPasswordTests" name="testForgotPasswordWithCorrectUsername" time="0.0">
    <skipped/>
  </testcase> <!-- testForgotPasswordWithCorrectUsername -->
  <testcase classname="forgotpassword.ForgotPasswordTests" name="testForgotPasswordWithCorrectUsernameMultipleTry" time="0.0">
    <skipped/>
  </testcase> <!-- testForgotPasswordWithCorrectUsernameMultipleTry -->
  <testcase classname="forgotpassword.ForgotPasswordTests" name="testForgotPasswordWithEmptyUsername" time="0.0">
    <skipped/>
  </testcase> <!-- testForgotPasswordWithEmptyUsername -->
  <testcase classname="forgotpassword.ForgotPasswordTests" name="testForgotPasswordWithWrongUsername" time="0.0">
    <skipped/>
  </testcase> <!-- testForgotPasswordWithWrongUsername -->
  <testcase classname="load.LoadPageTest" name="testLoadHomepage" time="0.0">
    <skipped/>
  </testcase> <!-- testLoadHomepage -->
  <testcase classname="login.LoginTests" name="testLoginInsertCorrectUsernameAndPassword" time="0.0">
    <skipped/>
  </testcase> <!-- testLoginInsertCorrectUsernameAndPassword -->
  <testcase classname="login.LoginTests" name="testLoginInsertCorrectUsernameAndWrongPassword" time="0.0">
    <skipped/>
  </testcase> <!-- testLoginInsertCorrectUsernameAndWrongPassword -->
  <testcase classname="login.LoginTests" name="testLoginInsertPasswordOnly" time="0.0">
    <skipped/>
  </testcase> <!-- testLoginInsertPasswordOnly -->
  <testcase classname="login.LoginTests" name="testLoginInsertUsernameOnly" time="0.0">
    <skipped/>
  </testcase> <!-- testLoginInsertUsernameOnly -->
  <testcase classname="login.LoginTests" name="testLoginInsertWrongUsernameAndWrongPassword" time="0.0">
    <skipped/>
  </testcase> <!-- testLoginInsertWrongUsernameAndWrongPassword -->
  <testcase classname="login.LoginTests" name="testLoginWithoutInsertUsernameAndPassword" time="0.0">
    <skipped/>
  </testcase> <!-- testLoginWithoutInsertUsernameAndPassword -->
</testsuite> <!-- Surefire test -->
