<?xml version="1.0" encoding="UTF-8"?>
<!-- Generated by org.testng.reporters.JUnitXMLReporter -->
<testsuite ignored="0" hostname="DESKTOP-0UM0SUI" failures="1" tests="4" name="HRM Automation Tests" time="42.089" errors="0" timestamp="31 Dec 2025 12:21:05 GMT">
  <testcase classname="load.LoadPageTest" name="testLoadHomepage" time="0.02"/>
  <testcase classname="login.LoginTests" name="testLoginInsertCorrectUsernameAndPassword" time="7.817">
    <failure type="java.lang.AssertionError" message="User Not found expected [true] but found [false]">
      <![CDATA[java.lang.AssertionError: User Not found expected [true] but found [false]
	at login.LoginTests.testLoginInsertCorrectUsernameAndPassword(LoginTests.java:19)
... Removed 28 stack frames]]>
    </failure>
  </testcase> <!-- testLoginInsertCorrectUsernameAndPassword -->
  <testcase classname="login.LoginTests" name="testLoginInsertInvalidUsernameAndPassword" time="4.48"/>
  <testcase classname="login.LoginTests" name="testLoginInsertInvalidUsernameAndPassword" time="5.474"/>
</testsuite> <!-- HRM Automation Tests -->
