<?xml version="1.0" encoding="UTF-8"?>
<testng-results ignored="0" total="4" passed="3" failed="1" skipped="0">
  <reporter-output>
  </reporter-output>
  <suite started-at="2025-12-31T12:20:23Z" name="Suite" finished-at="2025-12-31T12:21:05Z" duration-ms="42089">
    <groups>
    </groups>
    <test started-at="2025-12-31T12:20:23Z" name="HRM Automation Tests" finished-at="2025-12-31T12:21:05Z" duration-ms="42089">
      <class name="login.LoginTests">
        <test-method is-config="true" signature="setUp(java.lang.String, java.lang.String)[pri:0, instance:login.LoginTests@71b1176b]" started-at="2025-12-31T17:50:30Z" name="setUp" finished-at="2025-12-31T17:50:35Z" duration-ms="5058" status="PASS">
          <params>
            <param index="0">
              <value>
                <![CDATA[https://opensource-demo.orangehrmlive.com/]]>
              </value>
            </param>
            <param index="1">
              <value>
                <![CDATA[chrome]]>
              </value>
            </param>
          </params>
          <reporter-output>
          </reporter-output>
        </test-method> <!-- setUp -->
        <test-method signature="testLoginInsertCorrectUsernameAndPassword(java.lang.String, java.lang.String)[pri:0, instance:login.LoginTests@71b1176b]" started-at="2025-12-31T17:50:35Z" name="testLoginInsertCorrectUsernameAndPassword" data-provider="loginVaildData" finished-at="2025-12-31T17:50:43Z" duration-ms="7817" status="FAIL">
          <params>
            <param index="0">
              <value>
                <![CDATA[Admin]]>
              </value>
            </param>
            <param index="1">
              <value>
                <![CDATA[admin123]]>
              </value>
            </param>
          </params>
          <exception class="java.lang.AssertionError">
            <message>
              <![CDATA[User Not found expected [true] but found [false]]]>
            </message>
            <full-stacktrace>
              <![CDATA[java.lang.AssertionError: User Not found expected [true] but found [false]
	at org.testng.Assert.fail(Assert.java:93)
	at org.testng.Assert.failNotEquals(Assert.java:512)
	at org.testng.Assert.assertTrue(Assert.java:41)
	at login.LoginTests.testLoginInsertCorrectUsernameAndPassword(LoginTests.java:19)
	at java.base/jdk.internal.reflect.NativeMethodAccessorImpl.invoke0(Native Method)
	at java.base/jdk.internal.reflect.NativeMethodAccessorImpl.invoke(NativeMethodAccessorImpl.java:77)
	at java.base/jdk.internal.reflect.DelegatingMethodAccessorImpl.invoke(DelegatingMethodAccessorImpl.java:43)
	at java.base/java.lang.reflect.Method.invoke(Method.java:568)
	at org.testng.internal.MethodInvocationHelper.invokeMethod(MethodInvocationHelper.java:108)
	at org.testng.internal.Invoker.invokeMethod(Invoker.java:661)
	at org.testng.internal.Invoker.invokeTestMethod(Invoker.java:869)
	at org.testng.internal.Invoker.invokeTestMethods(Invoker.java:1193)
	at org.testng.internal.TestMethodWorker.invokeTestMethods(TestMethodWorker.java:126)
	at org.testng.internal.TestMethodWorker.run(TestMethodWorker.java:109)
	at org.testng.TestRunner.privateRun(TestRunner.java:744)
	at org.testng.TestRunner.run(TestRunner.java:602)
	at org.testng.SuiteRunner.runTest(SuiteRunner.java:380)
	at org.testng.SuiteRunner.runSequentially(SuiteRunner.java:375)
	at org.testng.SuiteRunner.privateRun(SuiteRunner.java:340)
	at org.testng.SuiteRunner.run(SuiteRunner.java:289)
	at org.testng.SuiteRunnerWorker.runSuite(SuiteRunnerWorker.java:52)
	at org.testng.SuiteRunnerWorker.run(SuiteRunnerWorker.java:86)
	at org.testng.TestNG.runSuitesSequentially(TestNG.java:1301)
	at org.testng.TestNG.runSuitesLocally(TestNG.java:1226)
	at org.testng.TestNG.runSuites(TestNG.java:1144)
	at org.testng.TestNG.run(TestNG.java:1115)
	at org.testng.remote.AbstractRemoteTestNG.run(AbstractRemoteTestNG.java:115)
	at org.testng.remote.RemoteTestNG.initAndRun(RemoteTestNG.java:251)
	at org.testng.remote.RemoteTestNG.main(RemoteTestNG.java:77)
]]>
            </full-stacktrace>
          </exception> <!-- java.lang.AssertionError -->
          <reporter-output>
          </reporter-output>
        </test-method> <!-- testLoginInsertCorrectUsernameAndPassword -->
        <test-method is-config="true" signature="tearDown()[pri:0, instance:login.LoginTests@71b1176b]" started-at="2025-12-31T17:50:43Z" name="tearDown" finished-at="2025-12-31T17:50:43Z" duration-ms="237" status="PASS">
          <reporter-output>
          </reporter-output>
        </test-method> <!-- tearDown -->
        <test-method is-config="true" signature="setUp(java.lang.String, java.lang.String)[pri:0, instance:login.LoginTests@71b1176b]" started-at="2025-12-31T17:50:43Z" name="setUp" finished-at="2025-12-31T17:50:49Z" duration-ms="5957" status="PASS">
          <params>
            <param index="0">
              <value>
                <![CDATA[https://opensource-demo.orangehrmlive.com/]]>
              </value>
            </param>
            <param index="1">
              <value>
                <![CDATA[chrome]]>
              </value>
            </param>
          </params>
          <reporter-output>
          </reporter-output>
        </test-method> <!-- setUp -->
        <test-method signature="testLoginInsertInvalidUsernameAndPassword(java.lang.String, java.lang.String)[pri:0, instance:login.LoginTests@71b1176b]" started-at="2025-12-31T17:50:49Z" name="testLoginInsertInvalidUsernameAndPassword" data-provider="loginInvalidData" finished-at="2025-12-31T17:50:54Z" duration-ms="4480" status="PASS">
          <params>
            <param index="0">
              <value>
                <![CDATA[User1]]>
              </value>
            </param>
            <param index="1">
              <value>
                <![CDATA[password1]]>
              </value>
            </param>
          </params>
          <reporter-output>
          </reporter-output>
        </test-method> <!-- testLoginInsertInvalidUsernameAndPassword -->
        <test-method is-config="true" signature="tearDown()[pri:0, instance:login.LoginTests@71b1176b]" started-at="2025-12-31T17:50:54Z" name="tearDown" finished-at="2025-12-31T17:50:54Z" duration-ms="246" status="PASS">
          <reporter-output>
          </reporter-output>
        </test-method> <!-- tearDown -->
        <test-method is-config="true" signature="setUp(java.lang.String, java.lang.String)[pri:0, instance:login.LoginTests@71b1176b]" started-at="2025-12-31T17:50:54Z" name="setUp" finished-at="2025-12-31T17:50:59Z" duration-ms="5039" status="PASS">
          <params>
            <param index="0">
              <value>
                <![CDATA[https://opensource-demo.orangehrmlive.com/]]>
              </value>
            </param>
            <param index="1">
              <value>
                <![CDATA[chrome]]>
              </value>
            </param>
          </params>
          <reporter-output>
          </reporter-output>
        </test-method> <!-- setUp -->
        <test-method signature="testLoginInsertInvalidUsernameAndPassword(java.lang.String, java.lang.String)[pri:0, instance:login.LoginTests@71b1176b]" started-at="2025-12-31T17:50:59Z" name="testLoginInsertInvalidUsernameAndPassword" data-provider="loginInvalidData" finished-at="2025-12-31T17:51:04Z" duration-ms="5474" status="PASS">
          <params>
            <param index="0">
              <value>
                <![CDATA[User2]]>
              </value>
            </param>
            <param index="1">
              <value>
                <![CDATA[password2]]>
              </value>
            </param>
          </params>
          <reporter-output>
          </reporter-output>
        </test-method> <!-- testLoginInsertInvalidUsernameAndPassword -->
        <test-method is-config="true" signature="tearDown()[pri:0, instance:login.LoginTests@71b1176b]" started-at="2025-12-31T17:51:04Z" name="tearDown" finished-at="2025-12-31T17:51:05Z" duration-ms="238" status="PASS">
          <reporter-output>
          </reporter-output>
        </test-method> <!-- tearDown -->
      </class> <!-- login.LoginTests -->
      <class name="load.LoadPageTest">
        <test-method is-config="true" signature="setUp(java.lang.String, java.lang.String)[pri:0, instance:load.LoadPageTest@5276e6b0]" started-at="2025-12-31T17:50:23Z" name="setUp" finished-at="2025-12-31T17:50:30Z" duration-ms="7263" status="PASS">
          <params>
            <param index="0">
              <value>
                <![CDATA[https://opensource-demo.orangehrmlive.com/]]>
              </value>
            </param>
            <param index="1">
              <value>
                <![CDATA[chrome]]>
              </value>
            </param>
          </params>
          <reporter-output>
          </reporter-output>
        </test-method> <!-- setUp -->
        <test-method signature="testLoadHomepage()[pri:0, instance:load.LoadPageTest@5276e6b0]" started-at="2025-12-31T17:50:30Z" name="testLoadHomepage" finished-at="2025-12-31T17:50:30Z" duration-ms="20" status="PASS">
          <reporter-output>
          </reporter-output>
        </test-method> <!-- testLoadHomepage -->
        <test-method is-config="true" signature="tearDown()[pri:0, instance:load.LoadPageTest@5276e6b0]" started-at="2025-12-31T17:50:30Z" name="tearDown" finished-at="2025-12-31T17:50:30Z" duration-ms="214" status="PASS">
          <reporter-output>
          </reporter-output>
        </test-method> <!-- tearDown -->
      </class> <!-- load.LoadPageTest -->
    </test> <!-- HRM Automation Tests -->
  </suite> <!-- Suite -->
</testng-results>
